<?xml version="1.0" encoding="UTF-8" ?>
<testsuite tests="7" failures="0" name="com.mycompany.baches.control.TipoObjetoBeanTest" time="2.444" errors="0" skipped="0">
  <properties>
[...]
</properties>
  <testcase classname="com.mycompany.baches.control.TipoObjetoBeanTest" name="com.mycompany.baches.control.TipoObjetoBeanTest.testCrear" time="1.768"/>
  <testcase classname="com.mycompany.baches.control.TipoObjetoBeanTest" name="com.mycompany.baches.control.TipoObjetoBeanTest.testContar" time="0.552"/>
  <testcase classname="com.mycompany.baches.control.TipoObjetoBeanTest" name="com.mycompany.baches.control.TipoObjetoBeanTest.testFindById" time="0.006"/>
  <testcase classname="com.mycompany.baches.control.TipoObjetoBeanTest" name="com.mycompany.baches.control.TipoObjetoBeanTest.testFindRange" time="0.102"/>
  <testcase classname="com.mycompany.baches.control.TipoObjetoBeanTest" name="com.mycompany.baches.control.TipoObjetoBeanTest.testFindAll" time="0.008"/>
  <testcase classname="com.mycompany.baches.control.TipoObjetoBeanTest" name="com.mycompany.baches.control.TipoObjetoBeanTest.testEliminar" time="0.004"/>
  <testcase classname="com.mycompany.baches.control.TipoObjetoBeanTest" name="com.mycompany.baches.control.TipoObjetoBeanTest.testActualizar" time="0.004"/>
</testsuite>